<?xml version="1.0" encoding="UTF-8"?>
<!-- Generated by org.testng.reporters.JUnitXMLReporter -->
<testsuite ignored="0" hostname="DESKTOP-9O8LK16" failures="0" tests="3" name="Default test" time="16.28" errors="0" timestamp="2023-02-25T19:18:01 IST">
  <testcase classname="com.Ecommerce.guru99.RegisterAcc" name="verify" time="6.165"/>
  <testcase classname="com.Ecommerce.guru99.RegisterAcc" name="verify1" time="3.496"/>
  <testcase classname="com.Ecommerce.guru99.RegisterAcc" name="verify2" time="6.471"/>
</testsuite> <!-- Default test -->
