<?xml version="1.0" encoding="UTF-8"?>
<testng-results ignored="0" total="3" passed="3" failed="0" skipped="0">
  <reporter-output>
  </reporter-output>
  <suite started-at="2023-02-10T15:44:35 IST" name="Default suite" finished-at="2023-02-10T15:45:04 IST" duration-ms="28354">
    <groups>
    </groups>
    <test started-at="2023-02-10T15:44:35 IST" name="Default test" finished-at="2023-02-10T15:45:04 IST" duration-ms="28354">
      <class name="com.Ecommerce.guru99.Compare_Product">
        <test-method signature="verify()[pri:0, instance:com.Ecommerce.guru99.Compare_Product@32502377]" started-at="2023-02-10T15:44:35 IST" name="verify" finished-at="2023-02-10T15:44:51 IST" duration-ms="15885" status="PASS">
          <reporter-output>
          </reporter-output>
        </test-method> <!-- verify -->
        <test-method signature="verify1()[pri:0, instance:com.Ecommerce.guru99.Compare_Product@32502377]" started-at="2023-02-10T15:44:51 IST" name="verify1" finished-at="2023-02-10T15:45:03 IST" depends-on-methods="com.Ecommerce.guru99.Compare_Product.verify" duration-ms="12036" status="PASS">
          <reporter-output>
          </reporter-output>
        </test-method> <!-- verify1 -->
        <test-method signature="handleWindow()[pri:0, instance:com.Ecommerce.guru99.Compare_Product@32502377]" started-at="2023-02-10T15:45:03 IST" name="handleWindow" finished-at="2023-02-10T15:45:04 IST" depends-on-methods="com.Ecommerce.guru99.Compare_Product.verify1" duration-ms="268" status="PASS">
          <reporter-output>
          </reporter-output>
        </test-method> <!-- handleWindow -->
      </class> <!-- com.Ecommerce.guru99.Compare_Product -->
    </test> <!-- Default test -->
  </suite> <!-- Default suite -->
</testng-results>
